<?xml version="1.0" encoding="UTF-8"?>
<testng-results skipped="0" failed="0" total="1" passed="1">
  <reporter-output>
  </reporter-output>
  <suite name="Default suite" duration-ms="37" started-at="2016-06-29T08:05:38Z" finished-at="2016-06-29T08:05:38Z">
    <groups>
    </groups>
    <test name="Default test" duration-ms="37" started-at="2016-06-29T08:05:38Z" finished-at="2016-06-29T08:05:38Z">
      <class name="YoutubeTest.MainPage">
        <test-method status="PASS" signature="utest()[pri:0, instance:YoutubeTest.MainPage@643b1d11]" name="utest" duration-ms="17" started-at="2016-06-29T13:35:38Z" finished-at="2016-06-29T13:35:38Z">
          <reporter-output>
          </reporter-output>
        </test-method> <!-- utest -->
      </class> <!-- YoutubeTest.MainPage -->
    </test> <!-- Default test -->
  </suite> <!-- Default suite -->
</testng-results>
